\BOOKMARK [0][-]{chapter.1}{\376\377\000W\000h\000a\000t\000\040\000i\000s\000\040\000g\000N\000e\000t\000?}{}% 1
\BOOKMARK [1][-]{section.1.1}{\376\377\000I\000n\000s\000t\000a\000l\000l\000a\000t\000i\000o\000n}{chapter.1}% 2
\BOOKMARK [0][-]{chapter.2}{\376\377\000W\000h\000a\000t\000\040\000i\000s\000\040\000d\000i\000f\000f\000e\000r\000e\000n\000c\000e\000\040\000f\000r\000o\000m\000\040\000p\000r\000e\000v\000i\000o\000u\000s\000\040\000v\000e\000r\000s\000i\000o\000n\000?}{}% 3
\BOOKMARK [0][-]{chapter.3}{\376\377\000U\000s\000a\000g\000e\000\040\000w\000i\000t\000h\000\040\000E\000x\000a\000m\000p\000l\000e\000s}{}% 4
\BOOKMARK [1][-]{section.3.1}{\376\377\000H\000o\000w\000\040\000c\000a\000l\000c\000u\000l\000a\000t\000e\000\040\000g\000r\000a\000d\000i\000e\000n\000t\000?}{chapter.3}% 5
\BOOKMARK [1][-]{section.3.2}{\376\377\000H\000o\000w\000\040\000l\000o\000a\000d\000\040\000M\000N\000I\000S\000T\000\040\000D\000a\000t\000a\000s\000e\000t\000?}{chapter.3}% 6
\BOOKMARK [1][-]{section.3.3}{\376\377\000H\000o\000w\000\040\000m\000a\000k\000e\000\040\000o\000n\000e\000-\000h\000o\000t\000\040\000v\000e\000c\000t\000o\000r\000\040\000o\000f\000\040\000l\000a\000b\000e\000l\000\040\000o\000f\000\040\000M\000N\000I\000S\000T\000\040\000D\000a\000t\000a\000s\000e\000t\000?}{chapter.3}% 7
\BOOKMARK [1][-]{section.3.4}{\376\377\000H\000o\000w\000\040\000c\000r\000e\000a\000t\000e\000\040\000M\000L\000P\000\040\000m\000o\000d\000e\000l\000?}{chapter.3}% 8
\BOOKMARK [1][-]{section.3.5}{\376\377\000H\000o\000w\000\040\000c\000r\000e\000a\000t\000e\000\040\000C\000N\000N\000\040\000m\000o\000d\000e\000l\000?}{chapter.3}% 9
\BOOKMARK [1][-]{section.3.6}{\376\377\000H\000o\000w\000\040\000c\000r\000e\000a\000t\000e\000\040\000m\000o\000d\000e\000l\000\040\000w\000i\000t\000h\000\040\000D\000r\000o\000p\000o\000u\000t\000\040\000l\000a\000y\000e\000r\000?}{chapter.3}% 10
\BOOKMARK [1][-]{section.3.7}{\376\377\000H\000o\000w\000\040\000c\000r\000e\000a\000t\000e\000\040\000m\000o\000d\000e\000l\000\040\000w\000i\000t\000h\000\040\000B\000a\000t\000c\000h\000\040\000N\000o\000r\000m\000a\000l\000i\000z\000a\000t\000i\000o\000n\000\040\000l\000a\000y\000e\000r\000?}{chapter.3}% 11
\BOOKMARK [1][-]{section.3.8}{\376\377\000H\000o\000w\000\040\000c\000r\000e\000a\000t\000e\000\040\000s\000u\000p\000e\000r\000v\000i\000s\000e\000d\000\040\000l\000e\000a\000r\000n\000i\000n\000g\000\040\000s\000t\000r\000u\000c\000t\000u\000r\000e\000\040\000a\000n\000d\000\040\000s\000e\000t\000u\000p\000?}{chapter.3}% 12
\BOOKMARK [1][-]{section.3.9}{\376\377\000H\000o\000w\000\040\000c\000r\000e\000a\000t\000e\000\040\000s\000u\000p\000e\000r\000v\000i\000s\000e\000d\000\040\000l\000e\000a\000r\000n\000i\000n\000g\000\040\000s\000t\000r\000u\000c\000t\000u\000r\000e\000\040\000a\000n\000d\000\040\000s\000e\000t\000u\000p\000\040\000w\000i\000t\000h\000\040\000c\000u\000s\000t\000o\000m\000\040\000p\000a\000r\000a\000m\000e\000t\000e\000r\000s\000?}{chapter.3}% 13
\BOOKMARK [1][-]{section.3.10}{\376\377\000H\000o\000w\000\040\000t\000r\000a\000i\000n\000\040\000a\000n\000d\000\040\000e\000v\000a\000l\000u\000a\000t\000e\000\040\000m\000o\000d\000e\000l\000?}{chapter.3}% 14
\BOOKMARK [1][-]{section.3.11}{\376\377\000H\000o\000w\000\040\000t\000r\000a\000i\000n\000\040\000a\000n\000d\000\040\000e\000v\000a\000l\000u\000a\000t\000e\000\040\000m\000o\000d\000e\000l\000\040\000w\000i\000t\000h\000\040\000v\000a\000l\000i\000d\000a\000t\000i\000o\000n\000?}{chapter.3}% 15
\BOOKMARK [1][-]{section.3.12}{\376\377\000H\000o\000w\000\040\000t\000r\000a\000i\000n\000\040\000a\000n\000d\000\040\000e\000v\000a\000l\000u\000a\000t\000e\000\040\000m\000o\000d\000e\000l\000\040\000o\000n\000e\000\040\000b\000a\000t\000c\000h\000?}{chapter.3}% 16
\BOOKMARK [1][-]{section.3.13}{\376\377\000H\000o\000w\000\040\000t\000r\000a\000i\000n\000\040\000a\000n\000d\000\040\000e\000v\000a\000l\000u\000a\000t\000e\000\040\000m\000o\000d\000e\000l\000\040\000w\000i\000t\000h\000\040\000v\000a\000l\000i\000d\000a\000t\000i\000o\000n\000\040\000o\000n\000e\000\040\000b\000a\000t\000c\000h\000?}{chapter.3}% 17
\BOOKMARK [1][-]{section.3.14}{\376\377\000H\000o\000w\000\040\000p\000r\000e\000d\000i\000c\000t\000\040\000o\000f\000\040\000m\000o\000d\000e\000l\000?}{chapter.3}% 18
\BOOKMARK [1][-]{section.3.15}{\376\377\000H\000o\000w\000\040\000s\000a\000v\000e\000\040\000m\000o\000d\000e\000l\000?}{chapter.3}% 19
\BOOKMARK [1][-]{section.3.16}{\376\377\000H\000o\000w\000\040\000l\000o\000a\000d\000\040\000m\000o\000d\000e\000l\000?}{chapter.3}% 20
\BOOKMARK [1][-]{section.3.17}{\376\377\000H\000o\000w\000\040\000g\000e\000t\000\040\000l\000o\000s\000s\000\040\000a\000n\000d\000\040\000a\000c\000c\000u\000r\000a\000c\000y\000\040\000p\000l\000o\000t\000s\000\040\000o\000f\000\040\000t\000r\000a\000n\000i\000n\000g\000?}{chapter.3}% 21
\BOOKMARK [0][-]{chapter.4}{\376\377\000t\000e\000n\000s\000o\000r\000,\000\040\000t\000e\000n\000s\000o\000r\000\137\000o\000p\000s\000\040\000m\000o\000d\000u\000l\000e\000s\000\040\000a\000n\000d\000\040\000T\000e\000n\000s\000o\000r\000\040\000c\000l\000a\000s\000s}{}% 22
\BOOKMARK [1][-]{section.4.1}{\376\377\000t\000e\000n\000s\000o\000r\000\040\000m\000o\000d\000u\000l\000e}{chapter.4}% 23
\BOOKMARK [1][-]{section.4.2}{\376\377\000t\000e\000n\000s\000o\000r\000\137\000o\000p\000s\000\040\000m\000o\000d\000u\000l\000e}{chapter.4}% 24
\BOOKMARK [1][-]{section.4.3}{\376\377\000H\000o\000w\000\040\000c\000a\000l\000c\000u\000l\000a\000t\000e\000\040\000g\000r\000a\000d\000i\000e\000n\000t\000?}{chapter.4}% 25
\BOOKMARK [0][-]{chapter.5}{\376\377\000n\000e\000u\000r\000a\000l\000n\000e\000t\000w\000o\000r\000k\000\040\000m\000o\000d\000u\000l\000e}{}% 26
\BOOKMARK [0][-]{chapter.6}{\376\377\000m\000o\000d\000e\000l\000\040\000m\000o\000d\000u\000l\000e}{}% 27
\BOOKMARK [0][-]{chapter.7}{\376\377\000i\000n\000i\000t\000i\000a\000l\000i\000z\000e\000r\000\040\000m\000o\000d\000u\000l\000e}{}% 28
\BOOKMARK [1][-]{section.7.1}{\376\377\000C\000r\000e\000a\000t\000i\000n\000g\000\040\000C\000u\000s\000t\000o\000m\000\040\000I\000n\000i\000t\000i\000a\000l\000i\000z\000e\000r\000\040\000C\000l\000a\000s\000s}{chapter.7}% 29
\BOOKMARK [0][-]{chapter.8}{\376\377\000l\000a\000y\000e\000r\000\040\000m\000o\000d\000u\000l\000e}{}% 30
\BOOKMARK [1][-]{section.8.1}{\376\377\000C\000r\000e\000a\000t\000i\000n\000g\000\040\000C\000u\000s\000t\000o\000m\000\040\000L\000a\000y\000e\000r\000\040\000C\000l\000a\000s\000s}{chapter.8}% 31
\BOOKMARK [1][-]{section.8.2}{\376\377\000D\000e\000n\000s\000e\000\040\000L\000a\000y\000e\000r}{chapter.8}% 32
\BOOKMARK [1][-]{section.8.3}{\376\377\000F\000l\000a\000t\000t\000e\000n\000\040\000L\000a\000y\000e\000r}{chapter.8}% 33
\BOOKMARK [1][-]{section.8.4}{\376\377\000A\000c\000t\000i\000v\000a\000t\000i\000o\000n\000\040\000L\000a\000y\000e\000r}{chapter.8}% 34
\BOOKMARK [1][-]{section.8.5}{\376\377\000D\000r\000o\000p\000o\000u\000t\000\040\000L\000a\000y\000e\000r}{chapter.8}% 35
\BOOKMARK [1][-]{section.8.6}{\376\377\000B\000a\000t\000c\000h\000\040\000N\000o\000r\000m\000a\000l\000i\000z\000a\000t\000i\000o\000n\000\040\000L\000a\000y\000e\000r}{chapter.8}% 36
\BOOKMARK [1][-]{section.8.7}{\376\377\000C\000o\000n\000v\0001\000D\000\040\000L\000a\000y\000e\000r}{chapter.8}% 37
\BOOKMARK [1][-]{section.8.8}{\376\377\000C\000o\000n\000v\0002\000D\000\040\000L\000a\000y\000e\000r}{chapter.8}% 38
\BOOKMARK [1][-]{section.8.9}{\376\377\000C\000o\000n\000v\0003\000D\000\040\000L\000a\000y\000e\000r}{chapter.8}% 39
\BOOKMARK [1][-]{section.8.10}{\376\377\000M\000a\000x\000P\000o\000o\000l\0001\000D\000\040\000L\000a\000y\000e\000r}{chapter.8}% 40
\BOOKMARK [1][-]{section.8.11}{\376\377\000M\000a\000x\000P\000o\000o\000l\0002\000D\000\040\000L\000a\000y\000e\000r}{chapter.8}% 41
\BOOKMARK [1][-]{section.8.12}{\376\377\000M\000a\000x\000P\000o\000o\000l\0003\000D\000\040\000L\000a\000y\000e\000r}{chapter.8}% 42
\BOOKMARK [1][-]{section.8.13}{\376\377\000A\000v\000e\000r\000a\000g\000e\000P\000o\000o\000l\0001\000D\000\040\000L\000a\000y\000e\000r}{chapter.8}% 43
\BOOKMARK [1][-]{section.8.14}{\376\377\000A\000v\000e\000r\000a\000g\000e\000P\000o\000o\000l\0002\000D\000\040\000L\000a\000y\000e\000r}{chapter.8}% 44
\BOOKMARK [1][-]{section.8.15}{\376\377\000A\000v\000e\000r\000a\000g\000e\000P\000o\000o\000l\0003\000D\000\040\000L\000a\000y\000e\000r}{chapter.8}% 45
\BOOKMARK [0][-]{chapter.9}{\376\377\000l\000o\000s\000s\000\137\000f\000u\000n\000c\000t\000i\000o\000n\000s\000\040\000m\000o\000d\000u\000l\000e}{}% 46
\BOOKMARK [1][-]{section.9.1}{\376\377\000C\000r\000e\000a\000t\000i\000n\000g\000\040\000C\000u\000s\000t\000o\000m\000\040\000L\000o\000s\000s\000\040\000C\000l\000a\000s\000s}{chapter.9}% 47
\BOOKMARK [0][-]{chapter.10}{\376\377\000a\000c\000t\000i\000v\000a\000t\000i\000o\000n\000\137\000f\000u\000n\000c\000t\000i\000o\000n\000s\000\040\000m\000o\000d\000u\000l\000e}{}% 48
\BOOKMARK [1][-]{section.10.1}{\376\377\000C\000r\000e\000a\000t\000i\000n\000g\000\040\000C\000u\000s\000t\000o\000m\000\040\000A\000c\000t\000i\000v\000a\000t\000i\000o\000n\000F\000u\000n\000c\000t\000i\000o\000n\000\040\000C\000l\000a\000s\000s}{chapter.10}% 49
\BOOKMARK [0][-]{chapter.11}{\376\377\000m\000e\000t\000r\000i\000c\000\040\000m\000o\000d\000u\000l\000e}{}% 50
\BOOKMARK [1][-]{section.11.1}{\376\377\000C\000r\000e\000a\000t\000i\000n\000g\000\040\000C\000u\000s\000t\000o\000m\000\040\000M\000e\000t\000r\000i\000c\000\040\000C\000l\000a\000s\000s}{chapter.11}% 51
\BOOKMARK [0][-]{chapter.12}{\376\377\000o\000p\000t\000i\000m\000i\000z\000e\000r\000\040\000m\000o\000d\000u\000l\000e}{}% 52
\BOOKMARK [1][-]{section.12.1}{\376\377\000C\000r\000e\000a\000t\000i\000n\000g\000\040\000C\000u\000s\000t\000o\000m\000\040\000O\000p\000t\000i\000m\000i\000z\000e\000r\000\040\000C\000l\000a\000s\000s}{chapter.12}% 53
\BOOKMARK [0][-]{chapter.13}{\376\377\000r\000e\000g\000u\000l\000a\000r\000i\000z\000e\000r\000\040\000m\000o\000d\000u\000l\000e}{}% 54
\BOOKMARK [1][-]{section.13.1}{\376\377\000C\000r\000e\000a\000t\000i\000n\000g\000\040\000C\000u\000s\000t\000o\000m\000\040\000R\000e\000g\000u\000l\000a\000r\000i\000z\000e\000r\000\040\000C\000l\000a\000s\000s}{chapter.13}% 55
\BOOKMARK [0][-]{chapter.14}{\376\377\000c\000o\000n\000v\000\137\000u\000t\000i\000l\000s\000\040\000m\000o\000d\000u\000l\000e\000\040\000a\000n\000d\000\040\000u\000t\000i\000l\000s\000\040\000m\000o\000d\000u\000l\000e}{}% 56
