\BOOKMARK [0][-]{chapter.1}{\376\377\000W\000h\000a\000t\000\040\000i\000s\000\040\000g\000N\000e\000t\000?}{}% 1
\BOOKMARK [1][-]{section.1.1}{\376\377\000I\000n\000s\000t\000a\000l\000l\000a\000t\000i\000o\000n}{chapter.1}% 2
\BOOKMARK [0][-]{chapter.2}{\376\377\000U\000s\000a\000g\000e\000\040\000w\000i\000t\000h\000\040\000E\000x\000a\000m\000p\000l\000e\000s}{}% 3
\BOOKMARK [1][-]{section.2.1}{\376\377\000H\000o\000w\000\040\000c\000a\000l\000c\000u\000l\000a\000t\000e\000\040\000g\000r\000a\000d\000i\000e\000n\000t\000?}{chapter.2}% 4
\BOOKMARK [1][-]{section.2.2}{\376\377\000H\000o\000w\000\040\000l\000o\000a\000d\000\040\000M\000N\000I\000S\000T\000\040\000D\000a\000t\000a\000s\000e\000t\000?}{chapter.2}% 5
\BOOKMARK [1][-]{section.2.3}{\376\377\000H\000o\000w\000\040\000m\000a\000k\000e\000\040\000o\000n\000e\000-\000h\000o\000t\000\040\000v\000e\000c\000t\000o\000r\000\040\000o\000f\000\040\000l\000a\000b\000e\000l\000\040\000o\000f\000\040\000M\000N\000I\000S\000T\000\040\000D\000a\000t\000a\000s\000e\000t\000?}{chapter.2}% 6
\BOOKMARK [1][-]{section.2.4}{\376\377\000H\000o\000w\000\040\000c\000r\000e\000a\000t\000e\000\040\000M\000L\000P\000\040\000m\000o\000d\000e\000l\000?}{chapter.2}% 7
\BOOKMARK [1][-]{section.2.5}{\376\377\000H\000o\000w\000\040\000c\000r\000e\000a\000t\000e\000\040\000C\000N\000N\000\040\000m\000o\000d\000e\000l\000?}{chapter.2}% 8
\BOOKMARK [1][-]{section.2.6}{\376\377\000H\000o\000w\000\040\000c\000r\000e\000a\000t\000e\000\040\000m\000o\000d\000e\000l\000\040\000w\000i\000t\000h\000\040\000D\000r\000o\000p\000o\000u\000t\000\040\000l\000a\000y\000e\000r\000?}{chapter.2}% 9
\BOOKMARK [1][-]{section.2.7}{\376\377\000H\000o\000w\000\040\000c\000r\000e\000a\000t\000e\000\040\000m\000o\000d\000e\000l\000\040\000w\000i\000t\000h\000\040\000B\000a\000t\000c\000h\000\040\000N\000o\000r\000m\000a\000l\000i\000z\000a\000t\000i\000o\000n\000\040\000l\000a\000y\000e\000r\000?}{chapter.2}% 10
\BOOKMARK [1][-]{section.2.8}{\376\377\000H\000o\000w\000\040\000c\000r\000e\000a\000t\000e\000\040\000s\000u\000p\000e\000r\000v\000i\000s\000e\000d\000\040\000l\000e\000a\000r\000n\000i\000n\000g\000\040\000s\000t\000r\000u\000c\000t\000u\000r\000e\000\040\000a\000n\000d\000\040\000s\000e\000t\000u\000p\000?}{chapter.2}% 11
\BOOKMARK [1][-]{section.2.9}{\376\377\000H\000o\000w\000\040\000c\000r\000e\000a\000t\000e\000\040\000s\000u\000p\000e\000r\000v\000i\000s\000e\000d\000\040\000l\000e\000a\000r\000n\000i\000n\000g\000\040\000s\000t\000r\000u\000c\000t\000u\000r\000e\000\040\000a\000n\000d\000\040\000s\000e\000t\000u\000p\000\040\000w\000i\000t\000h\000\040\000c\000u\000s\000t\000o\000m\000\040\000p\000a\000r\000a\000m\000e\000t\000e\000r\000s\000?}{chapter.2}% 12
\BOOKMARK [1][-]{section.2.10}{\376\377\000H\000o\000w\000\040\000t\000r\000a\000i\000n\000\040\000a\000n\000d\000\040\000e\000v\000a\000l\000u\000a\000t\000e\000\040\000m\000o\000d\000e\000l\000?}{chapter.2}% 13
\BOOKMARK [1][-]{section.2.11}{\376\377\000H\000o\000w\000\040\000t\000r\000a\000i\000n\000\040\000a\000n\000d\000\040\000e\000v\000a\000l\000u\000a\000t\000e\000\040\000m\000o\000d\000e\000l\000\040\000w\000i\000t\000h\000\040\000v\000a\000l\000i\000d\000a\000t\000i\000o\000n\000?}{chapter.2}% 14
\BOOKMARK [1][-]{section.2.12}{\376\377\000H\000o\000w\000\040\000t\000r\000a\000i\000n\000\040\000a\000n\000d\000\040\000e\000v\000a\000l\000u\000a\000t\000e\000\040\000m\000o\000d\000e\000l\000\040\000o\000n\000e\000\040\000b\000a\000t\000c\000h\000?}{chapter.2}% 15
\BOOKMARK [1][-]{section.2.13}{\376\377\000H\000o\000w\000\040\000t\000r\000a\000i\000n\000\040\000a\000n\000d\000\040\000e\000v\000a\000l\000u\000a\000t\000e\000\040\000m\000o\000d\000e\000l\000\040\000w\000i\000t\000h\000\040\000v\000a\000l\000i\000d\000a\000t\000i\000o\000n\000\040\000o\000n\000e\000\040\000b\000a\000t\000c\000h\000?}{chapter.2}% 16
\BOOKMARK [1][-]{section.2.14}{\376\377\000H\000o\000w\000\040\000p\000r\000e\000d\000i\000c\000t\000\040\000o\000f\000\040\000m\000o\000d\000e\000l\000?}{chapter.2}% 17
\BOOKMARK [1][-]{section.2.15}{\376\377\000H\000o\000w\000\040\000s\000a\000v\000e\000\040\000m\000o\000d\000e\000l\000?}{chapter.2}% 18
\BOOKMARK [1][-]{section.2.16}{\376\377\000H\000o\000w\000\040\000l\000o\000a\000d\000\040\000m\000o\000d\000e\000l\000?}{chapter.2}% 19
\BOOKMARK [1][-]{section.2.17}{\376\377\000H\000o\000w\000\040\000g\000e\000t\000\040\000l\000o\000s\000s\000\040\000a\000n\000d\000\040\000a\000c\000c\000u\000r\000a\000c\000y\000\040\000p\000l\000o\000t\000s\000\040\000o\000f\000\040\000t\000r\000a\000n\000i\000n\000g\000?}{chapter.2}% 20
\BOOKMARK [0][-]{chapter.3}{\376\377\000t\000e\000n\000s\000o\000r\000,\000\040\000t\000e\000n\000s\000o\000r\000\137\000o\000p\000s\000\040\000m\000o\000d\000u\000l\000e\000s\000\040\000a\000n\000d\000\040\000T\000e\000n\000s\000o\000r\000\040\000c\000l\000a\000s\000s}{}% 21
\BOOKMARK [1][-]{section.3.1}{\376\377\000t\000e\000n\000s\000o\000r\000\040\000m\000o\000d\000u\000l\000e}{chapter.3}% 22
\BOOKMARK [1][-]{section.3.2}{\376\377\000t\000e\000n\000s\000o\000r\000\137\000o\000p\000s\000\040\000m\000o\000d\000u\000l\000e}{chapter.3}% 23
\BOOKMARK [1][-]{section.3.3}{\376\377\000H\000o\000w\000\040\000c\000a\000l\000c\000u\000l\000a\000t\000e\000\040\000g\000r\000a\000d\000i\000e\000n\000t\000?}{chapter.3}% 24
\BOOKMARK [0][-]{chapter.4}{\376\377\000n\000e\000u\000r\000a\000l\000n\000e\000t\000w\000o\000r\000k\000\040\000m\000o\000d\000u\000l\000e}{}% 25
\BOOKMARK [0][-]{chapter.5}{\376\377\000m\000o\000d\000e\000l\000\040\000m\000o\000d\000u\000l\000e}{}% 26
\BOOKMARK [0][-]{chapter.6}{\376\377\000i\000n\000i\000t\000i\000a\000l\000i\000z\000e\000r\000\040\000m\000o\000d\000u\000l\000e}{}% 27
\BOOKMARK [1][-]{section.6.1}{\376\377\000C\000r\000e\000a\000t\000i\000n\000g\000\040\000C\000u\000s\000t\000o\000m\000\040\000I\000n\000i\000t\000i\000a\000l\000i\000z\000e\000r\000\040\000C\000l\000a\000s\000s}{chapter.6}% 28
\BOOKMARK [0][-]{chapter.7}{\376\377\000l\000a\000y\000e\000r\000\040\000m\000o\000d\000u\000l\000e}{}% 29
\BOOKMARK [1][-]{section.7.1}{\376\377\000C\000r\000e\000a\000t\000i\000n\000g\000\040\000C\000u\000s\000t\000o\000m\000\040\000L\000a\000y\000e\000r\000\040\000C\000l\000a\000s\000s}{chapter.7}% 30
\BOOKMARK [1][-]{section.7.2}{\376\377\000D\000e\000n\000s\000e\000\040\000L\000a\000y\000e\000r}{chapter.7}% 31
\BOOKMARK [1][-]{section.7.3}{\376\377\000F\000l\000a\000t\000t\000e\000n\000\040\000L\000a\000y\000e\000r}{chapter.7}% 32
\BOOKMARK [1][-]{section.7.4}{\376\377\000C\000o\000n\000v\0002\000D\000\040\000L\000a\000y\000e\000r}{chapter.7}% 33
\BOOKMARK [1][-]{section.7.5}{\376\377\000A\000c\000t\000i\000v\000a\000t\000i\000o\000n\000\040\000L\000a\000y\000e\000r}{chapter.7}% 34
\BOOKMARK [1][-]{section.7.6}{\376\377\000M\000a\000x\000P\000o\000o\000l\0002\000D\000\040\000L\000a\000y\000e\000r}{chapter.7}% 35
\BOOKMARK [1][-]{section.7.7}{\376\377\000A\000v\000e\000r\000a\000g\000e\000P\000o\000o\000l\0002\000D\000\040\000L\000a\000y\000e\000r}{chapter.7}% 36
\BOOKMARK [1][-]{section.7.8}{\376\377\000D\000r\000o\000p\000o\000u\000t\000\040\000L\000a\000y\000e\000r}{chapter.7}% 37
\BOOKMARK [1][-]{section.7.9}{\376\377\000B\000a\000t\000c\000h\000\040\000N\000o\000r\000m\000a\000l\000i\000z\000a\000t\000i\000o\000n\000\040\000L\000a\000y\000e\000r}{chapter.7}% 38
\BOOKMARK [0][-]{chapter.8}{\376\377\000l\000o\000s\000s\000\137\000f\000u\000n\000c\000t\000i\000o\000n\000s\000\040\000m\000o\000d\000u\000l\000e}{}% 39
\BOOKMARK [1][-]{section.8.1}{\376\377\000C\000r\000e\000a\000t\000i\000n\000g\000\040\000C\000u\000s\000t\000o\000m\000\040\000L\000o\000s\000s\000\040\000C\000l\000a\000s\000s}{chapter.8}% 40
\BOOKMARK [0][-]{chapter.9}{\376\377\000a\000c\000t\000i\000v\000a\000t\000i\000o\000n\000\137\000f\000u\000n\000c\000t\000i\000o\000n\000s\000\040\000m\000o\000d\000u\000l\000e}{}% 41
\BOOKMARK [1][-]{section.9.1}{\376\377\000C\000r\000e\000a\000t\000i\000n\000g\000\040\000C\000u\000s\000t\000o\000m\000\040\000A\000c\000t\000i\000v\000a\000t\000i\000o\000n\000F\000u\000n\000c\000t\000i\000o\000n\000\040\000C\000l\000a\000s\000s}{chapter.9}% 42
\BOOKMARK [0][-]{chapter.10}{\376\377\000m\000e\000t\000r\000i\000c\000\040\000m\000o\000d\000u\000l\000e}{}% 43
\BOOKMARK [1][-]{section.10.1}{\376\377\000C\000r\000e\000a\000t\000i\000n\000g\000\040\000C\000u\000s\000t\000o\000m\000\040\000M\000e\000t\000r\000i\000c\000\040\000C\000l\000a\000s\000s}{chapter.10}% 44
\BOOKMARK [0][-]{chapter.11}{\376\377\000o\000p\000t\000i\000m\000i\000z\000e\000r\000\040\000m\000o\000d\000u\000l\000e}{}% 45
\BOOKMARK [1][-]{section.11.1}{\376\377\000C\000r\000e\000a\000t\000i\000n\000g\000\040\000C\000u\000s\000t\000o\000m\000\040\000O\000p\000t\000i\000m\000i\000z\000e\000r\000\040\000C\000l\000a\000s\000s}{chapter.11}% 46
\BOOKMARK [0][-]{chapter.12}{\376\377\000r\000e\000g\000u\000l\000a\000r\000i\000z\000e\000r\000\040\000m\000o\000d\000u\000l\000e}{}% 47
\BOOKMARK [1][-]{section.12.1}{\376\377\000C\000r\000e\000a\000t\000i\000n\000g\000\040\000C\000u\000s\000t\000o\000m\000\040\000R\000e\000g\000u\000l\000a\000r\000i\000z\000e\000r\000\040\000C\000l\000a\000s\000s}{chapter.12}% 48
\BOOKMARK [0][-]{chapter.13}{\376\377\000c\000o\000n\000v\000\137\000u\000t\000i\000l\000s\000\040\000m\000o\000d\000u\000l\000e\000\040\000a\000n\000d\000\040\000u\000t\000i\000l\000s\000\040\000m\000o\000d\000u\000l\000e}{}% 49
